<?xml version="1.0" encoding="UTF-8"?>
<!-- Generated by org.testng.reporters.JUnitXMLReporter -->
<testsuite hostname="Ramsai" ignored="0" name="Test2" tests="1" failures="1" timestamp="2022-05-14T21:17:46 IST" time="129.597" errors="0">
  <testcase name="validateTitles" time="8.704" classname="Academy.ValidateTitle">
    <failure type="java.lang.AssertionError" message="expected [FEATURED12 COURSES] but found [FEATURED COURSES]">
      <![CDATA[java.lang.AssertionError: expected [FEATURED12 COURSES] but found [FEATURED COURSES]
at Academy.ValidateTitle.validateTitles(ValidateTitle.java:40)
at java.util.ArrayList.forEach(ArrayList.java:1259)
at java.util.concurrent.FutureTask.run(FutureTask.java:266)
at java.util.concurrent.ThreadPoolExecutor.runWorker(ThreadPoolExecutor.java:1149)
at java.util.concurrent.ThreadPoolExecutor$Worker.run(ThreadPoolExecutor.java:624)
at java.lang.Thread.run(Thread.java:748)
... Removed 24 stack frames]]>
    </failure>
  </testcase> <!-- validateTitles -->
</testsuite> <!-- Test2 -->
