<?xml version="1.0" encoding="UTF-8"?>
<testng-results skipped="0" failed="1" ignored="0" total="4" passed="3">
  <reporter-output>
  </reporter-output>
  <suite name="Suite" duration-ms="161357" started-at="2022-05-14T21:15:36 IST" finished-at="2022-05-14T21:18:17 IST">
    <groups>
    </groups>
    <test name="Test" duration-ms="33" started-at="2022-05-14T21:15:36 IST" finished-at="2022-05-14T21:15:36 IST">
    </test> <!-- Test -->
    <test name="Test2" duration-ms="129597" started-at="2022-05-14T21:15:36 IST" finished-at="2022-05-14T21:17:45 IST">
      <class name="Academy.ValidateTitle">
        <test-method status="PASS" signature="DriStart()[pri:0, instance:Academy.ValidateTitle@74287ea3]" name="DriStart" is-config="true" duration-ms="102109" started-at="2022-05-14T21:15:36 IST" finished-at="2022-05-14T21:17:18 IST">
          <reporter-output>
          </reporter-output>
        </test-method> <!-- DriStart -->
        <test-method status="FAIL" signature="validateTitles()[pri:0, instance:Academy.ValidateTitle@74287ea3]" name="validateTitles" duration-ms="8704" started-at="2022-05-14T21:17:18 IST" finished-at="2022-05-14T21:17:27 IST">
          <exception class="java.lang.AssertionError">
            <message>
              <![CDATA[expected [FEATURED12 COURSES] but found [FEATURED COURSES]]]>
            </message>
            <full-stacktrace>
              <![CDATA[java.lang.AssertionError: expected [FEATURED12 COURSES] but found [FEATURED COURSES]
at org.testng.Assert.fail(Assert.java:110)
at org.testng.Assert.failNotEquals(Assert.java:1413)
at org.testng.Assert.assertEqualsImpl(Assert.java:149)
at org.testng.Assert.assertEquals(Assert.java:131)
at org.testng.Assert.assertEquals(Assert.java:655)
at org.testng.Assert.assertEquals(Assert.java:665)
at Academy.ValidateTitle.validateTitles(ValidateTitle.java:40)
at sun.reflect.NativeMethodAccessorImpl.invoke0(Native Method)
at sun.reflect.NativeMethodAccessorImpl.invoke(NativeMethodAccessorImpl.java:62)
at sun.reflect.DelegatingMethodAccessorImpl.invoke(DelegatingMethodAccessorImpl.java:43)
at java.lang.reflect.Method.invoke(Method.java:498)
at org.testng.internal.invokers.MethodInvocationHelper.invokeMethod(MethodInvocationHelper.java:135)
at org.testng.internal.invokers.TestInvoker.invokeMethod(TestInvoker.java:673)
at org.testng.internal.invokers.TestInvoker.invokeTestMethod(TestInvoker.java:220)
at org.testng.internal.invokers.MethodRunner.runInSequence(MethodRunner.java:50)
at org.testng.internal.invokers.TestInvoker$MethodInvocationAgent.invoke(TestInvoker.java:945)
at org.testng.internal.invokers.TestInvoker.invokeTestMethods(TestInvoker.java:193)
at org.testng.internal.invokers.TestMethodWorker.invokeTestMethods(TestMethodWorker.java:146)
at org.testng.internal.invokers.TestMethodWorker.run(TestMethodWorker.java:128)
at java.util.ArrayList.forEach(ArrayList.java:1259)
at org.testng.TestRunner.privateRun(TestRunner.java:808)
at org.testng.TestRunner.run(TestRunner.java:603)
at org.testng.SuiteRunner.runTest(SuiteRunner.java:429)
at org.testng.SuiteRunner.access$000(SuiteRunner.java:32)
at org.testng.SuiteRunner$SuiteWorker.run(SuiteRunner.java:467)
at org.testng.internal.thread.ThreadUtil.lambda$execute$0(ThreadUtil.java:58)
at java.util.concurrent.FutureTask.run(FutureTask.java:266)
at java.util.concurrent.ThreadPoolExecutor.runWorker(ThreadPoolExecutor.java:1149)
at java.util.concurrent.ThreadPoolExecutor$Worker.run(ThreadPoolExecutor.java:624)
at java.lang.Thread.run(Thread.java:748)
]]>
            </full-stacktrace>
          </exception> <!-- java.lang.AssertionError -->
          <reporter-output>
          </reporter-output>
        </test-method> <!-- validateTitles -->
        <test-method status="PASS" signature="DriEnd()[pri:0, instance:Academy.ValidateTitle@74287ea3]" name="DriEnd" is-config="true" duration-ms="13877" started-at="2022-05-14T21:17:32 IST" finished-at="2022-05-14T21:17:45 IST">
          <reporter-output>
          </reporter-output>
        </test-method> <!-- DriEnd -->
      </class> <!-- Academy.ValidateTitle -->
    </test> <!-- Test2 -->
    <test name="Test4" duration-ms="131141" started-at="2022-05-14T21:15:36 IST" finished-at="2022-05-14T21:17:47 IST">
      <class name="Academy.ValidateNavBar">
        <test-method status="PASS" signature="DriStart()[pri:0, instance:Academy.ValidateNavBar@4ef74c30]" name="DriStart" is-config="true" duration-ms="126185" started-at="2022-05-14T21:15:36 IST" finished-at="2022-05-14T21:17:42 IST">
          <reporter-output>
          </reporter-output>
        </test-method> <!-- DriStart -->
        <test-method status="PASS" signature="validateNavBar()[pri:0, instance:Academy.ValidateNavBar@4ef74c30]" name="validateNavBar" duration-ms="867" started-at="2022-05-14T21:17:42 IST" finished-at="2022-05-14T21:17:43 IST">
          <reporter-output>
          </reporter-output>
        </test-method> <!-- validateNavBar -->
        <test-method status="PASS" signature="DriEnd()[pri:0, instance:Academy.ValidateNavBar@4ef74c30]" name="DriEnd" is-config="true" duration-ms="4063" started-at="2022-05-14T21:17:43 IST" finished-at="2022-05-14T21:17:47 IST">
          <reporter-output>
          </reporter-output>
        </test-method> <!-- DriEnd -->
      </class> <!-- Academy.ValidateNavBar -->
    </test> <!-- Test4 -->
    <test name="Test3" duration-ms="161356" started-at="2022-05-14T21:15:36 IST" finished-at="2022-05-14T21:18:17 IST">
      <class name="Academy.HomePage">
        <test-method status="PASS" signature="DrivStart()[pri:0, instance:Academy.HomePage@7d61eb55]" name="DrivStart" is-config="true" duration-ms="100430" started-at="2022-05-14T21:15:36 IST" finished-at="2022-05-14T21:17:16 IST">
          <reporter-output>
          </reporter-output>
        </test-method> <!-- DrivStart -->
        <test-method status="PASS" signature="basePageNavigation(java.lang.String,java.lang.String,java.lang.String)[pri:0, instance:Academy.HomePage@7d61eb55]" name="basePageNavigation" duration-ms="18618" started-at="2022-05-14T21:17:16 IST" data-provider="getData" finished-at="2022-05-14T21:17:35 IST">
          <params>
            <param index="0">
              <value>
                <![CDATA[kepab91164@eoscast.com]]>
              </value>
            </param>
            <param index="1">
              <value>
                <![CDATA[raja123]]>
              </value>
            </param>
            <param index="2">
              <value>
                <![CDATA[Restricted User]]>
              </value>
            </param>
          </params>
          <reporter-output>
          </reporter-output>
        </test-method> <!-- basePageNavigation -->
        <test-method status="PASS" signature="DriEnd()[pri:0, instance:Academy.HomePage@7d61eb55]" name="DriEnd" is-config="true" duration-ms="10222" started-at="2022-05-14T21:17:35 IST" finished-at="2022-05-14T21:17:45 IST">
          <reporter-output>
          </reporter-output>
        </test-method> <!-- DriEnd -->
        <test-method status="PASS" signature="DrivStart()[pri:0, instance:Academy.HomePage@7d61eb55]" name="DrivStart" is-config="true" duration-ms="29296" started-at="2022-05-14T21:17:45 IST" finished-at="2022-05-14T21:18:15 IST">
          <reporter-output>
          </reporter-output>
        </test-method> <!-- DrivStart -->
        <test-method status="PASS" signature="basePageNavigation(java.lang.String,java.lang.String,java.lang.String)[pri:0, instance:Academy.HomePage@7d61eb55]" name="basePageNavigation" duration-ms="1676" started-at="2022-05-14T21:18:15 IST" data-provider="getData" finished-at="2022-05-14T21:18:16 IST">
          <params>
            <param index="0">
              <value>
                <![CDATA[kepab94@eoscast.com]]>
              </value>
            </param>
            <param index="1">
              <value>
                <![CDATA[rani123]]>
              </value>
            </param>
            <param index="2">
              <value>
                <![CDATA[Non Restricted User]]>
              </value>
            </param>
          </params>
          <reporter-output>
          </reporter-output>
        </test-method> <!-- basePageNavigation -->
        <test-method status="PASS" signature="DriEnd()[pri:0, instance:Academy.HomePage@7d61eb55]" name="DriEnd" is-config="true" duration-ms="958" started-at="2022-05-14T21:18:16 IST" finished-at="2022-05-14T21:18:17 IST">
          <reporter-output>
          </reporter-output>
        </test-method> <!-- DriEnd -->
      </class> <!-- Academy.HomePage -->
    </test> <!-- Test3 -->
  </suite> <!-- Suite -->
</testng-results>
